<?xml version="1.0" encoding="UTF-8"?>
<!-- Generated by org.testng.reporters.JUnitXMLReporter -->
<testsuite hostname="PCIN487046" ignored="0" name="hotel booking-IETest" tests="10" failures="0" timestamp="27 Oct 2020 09:13:14 GMT" time="1.092" errors="0">
  <testcase name="@BeforeClass driverconfig" time="1.081" classname="TestScenarios.Hotels">
    <failure type="org.openqa.selenium.SessionNotCreatedException" message="Unexpected error launching Internet Explorer. Protected Mode settings are not the same for all zones. Enable Protected Mode must be set to the same value (enabled or disabled) for all zones.
Build info: version: &amp;apos;3.141.59&amp;apos;, revision: &amp;apos;e82be7d358&amp;apos;, time: &amp;apos;2018-11-14T08:17:03&amp;apos;
System info: host: &amp;apos;PCIN487046&amp;apos;, ip: &amp;apos;192.168.1.100&amp;apos;, os.name: &amp;apos;Windows 10&amp;apos;, os.arch: &amp;apos;amd64&amp;apos;, os.version: &amp;apos;10.0&amp;apos;, java.version: &amp;apos;1.8.0_261&amp;apos;
Driver info: driver.version: InternetExplorerDriver
remote stacktrace: ">
      <![CDATA[org.openqa.selenium.SessionNotCreatedException: Unexpected error launching Internet Explorer. Protected Mode settings are not the same for all zones. Enable Protected Mode must be set to the same value (enabled or disabled) for all zones.
Build info: version: '3.141.59', revision: 'e82be7d358', time: '2018-11-14T08:17:03'
System info: host: 'PCIN487046', ip: '192.168.1.100', os.name: 'Windows 10', os.arch: 'amd64', os.version: '10.0', java.version: '1.8.0_261'
Driver info: driver.version: InternetExplorerDriver
remote stacktrace: 
	at org.openqa.selenium.remote.W3CHandshakeResponse.lambda$errorHandler$0(W3CHandshakeResponse.java:62)
	at org.openqa.selenium.remote.HandshakeResponse.lambda$getResponseFunction$0(HandshakeResponse.java:30)
	at org.openqa.selenium.remote.ProtocolHandshake.lambda$createSession$0(ProtocolHandshake.java:126)
	at java.util.stream.ReferencePipeline$3$1.accept(Unknown Source)
	at java.util.Spliterators$ArraySpliterator.tryAdvance(Unknown Source)
	at java.util.stream.ReferencePipeline.forEachWithCancel(Unknown Source)
	at java.util.stream.AbstractPipeline.copyIntoWithCancel(Unknown Source)
	at java.util.stream.AbstractPipeline.copyInto(Unknown Source)
	at java.util.stream.AbstractPipeline.wrapAndCopyInto(Unknown Source)
	at java.util.stream.FindOps$FindOp.evaluateSequential(Unknown Source)
	at java.util.stream.AbstractPipeline.evaluate(Unknown Source)
	at java.util.stream.ReferencePipeline.findFirst(Unknown Source)
	at org.openqa.selenium.remote.ProtocolHandshake.createSession(ProtocolHandshake.java:128)
	at org.openqa.selenium.remote.ProtocolHandshake.createSession(ProtocolHandshake.java:74)
	at org.openqa.selenium.remote.HttpCommandExecutor.execute(HttpCommandExecutor.java:136)
	at org.openqa.selenium.remote.service.DriverCommandExecutor.execute(DriverCommandExecutor.java:83)
	at org.openqa.selenium.remote.RemoteWebDriver.execute(RemoteWebDriver.java:552)
	at org.openqa.selenium.remote.RemoteWebDriver.startSession(RemoteWebDriver.java:213)
	at org.openqa.selenium.ie.InternetExplorerDriver.run(InternetExplorerDriver.java:221)
	at org.openqa.selenium.ie.InternetExplorerDriver.<init>(InternetExplorerDriver.java:213)
	at org.openqa.selenium.ie.InternetExplorerDriver.<init>(InternetExplorerDriver.java:150)
	at UserDefinedLibraries.DriverSetup.driverInstantiate(DriverSetup.java:35)
	at TestScenarios.Hotels.driverconfig(Hotels.java:30)
... Removed 29 stack frames]]>
    </failure>
  </testcase> <!-- @BeforeClass driverconfig -->
  <testcase name="@AfterClass driverExit" time="0.0" classname="TestScenarios.Hotels">
    <skipped/>
  </testcase> <!-- @AfterClass driverExit -->
  <testcase name="testCaseReadExcel" time="0.0" classname="TestScenarios.Hotels">
    <skipped/>
  </testcase> <!-- testCaseReadExcel -->
  <testcase name="testCaseStaysButton" time="0.0" classname="TestScenarios.Hotels">
    <skipped/>
  </testcase> <!-- testCaseStaysButton -->
  <testcase name="testCaseLocationBox" time="0.0" classname="TestScenarios.Hotels">
    <skipped/>
  </testcase> <!-- testCaseLocationBox -->
  <testcase name="testCaseLocationInput" time="0.0" classname="TestScenarios.Hotels">
    <skipped/>
  </testcase> <!-- testCaseLocationInput -->
  <testcase name="testCaseCitySelect" time="0.0" classname="TestScenarios.Hotels">
    <skipped/>
  </testcase> <!-- testCaseCitySelect -->
  <testcase name="testCaseDate" time="0.0" classname="TestScenarios.Hotels">
    <skipped/>
  </testcase> <!-- testCaseDate -->
  <testcase name="testCaseSearch" time="0.0" classname="TestScenarios.Hotels">
    <skipped/>
  </testcase> <!-- testCaseSearch -->
  <testcase name="testCaseSetPrice" time="0.0" classname="TestScenarios.Hotels">
    <skipped/>
  </testcase> <!-- testCaseSetPrice -->
  <testcase name="testCaseSetMin" time="0.0" classname="TestScenarios.Hotels">
    <skipped/>
  </testcase> <!-- testCaseSetMin -->
  <testcase name="testCaseSetMax" time="0.0" classname="TestScenarios.Hotels">
    <skipped/>
  </testcase> <!-- testCaseSetMax -->
</testsuite> <!-- hotel booking-IETest -->
